<?xml version="1.0" encoding="UTF-8"?>
<testng-results ignored="0" total="2" passed="2" failed="0" skipped="0">
  <reporter-output>
  </reporter-output>
  <suite started-at="2024-11-07T21:43:39 EST" name="Smoke test Suite" finished-at="2024-11-07T21:43:48 EST" duration-ms="9393">
    <groups>
    </groups>
    <test started-at="2024-11-07T21:43:39 EST" name="Regression" finished-at="2024-11-07T21:43:48 EST" duration-ms="9393">
      <class name="messagepoint.load.LoginLoadTest">
        <test-method is-config="true" signature="setUp()[pri:0, instance:messagepoint.load.LoginLoadTest@327bcebd]" started-at="2024-11-07T21:43:39 EST" name="setUp" finished-at="2024-11-07T21:43:45 EST" duration-ms="6221" status="PASS">
          <reporter-output>
          </reporter-output>
        </test-method> <!-- setUp -->
        <test-method is-config="true" signature="setUp()[pri:0, instance:messagepoint.load.LoginLoadTest@327bcebd]" started-at="2024-11-07T21:43:39 EST" name="setUp" finished-at="2024-11-07T21:43:45 EST" duration-ms="6221" status="PASS">
          <reporter-output>
          </reporter-output>
        </test-method> <!-- setUp -->
        <test-method signature="loadLogin()[pri:0, instance:messagepoint.load.LoginLoadTest@327bcebd]" started-at="2024-11-07T21:43:45 EST" name="loadLogin" finished-at="2024-11-07T21:43:48 EST" duration-ms="3003" status="PASS">
          <reporter-output>
          </reporter-output>
        </test-method> <!-- loadLogin -->
        <test-method signature="loadLogin()[pri:0, instance:messagepoint.load.LoginLoadTest@327bcebd]" started-at="2024-11-07T21:43:45 EST" name="loadLogin" finished-at="2024-11-07T21:43:48 EST" duration-ms="2855" status="PASS">
          <reporter-output>
          </reporter-output>
        </test-method> <!-- loadLogin -->
        <test-method is-config="true" signature="closeDriver()[pri:0, instance:messagepoint.load.LoginLoadTest@327bcebd]" started-at="2024-11-07T21:43:48 EST" name="closeDriver" finished-at="2024-11-07T21:43:48 EST" duration-ms="124" status="PASS">
          <reporter-output>
          </reporter-output>
        </test-method> <!-- closeDriver -->
        <test-method is-config="true" signature="closeDriver()[pri:0, instance:messagepoint.load.LoginLoadTest@327bcebd]" started-at="2024-11-07T21:43:48 EST" name="closeDriver" finished-at="2024-11-07T21:43:48 EST" duration-ms="113" status="PASS">
          <reporter-output>
          </reporter-output>
        </test-method> <!-- closeDriver -->
      </class> <!-- messagepoint.load.LoginLoadTest -->
    </test> <!-- Regression -->
  </suite> <!-- Smoke test Suite -->
</testng-results>
