<?xml version="1.0" encoding="UTF-8"?>
<testng-results ignored="0" total="2" passed="2" failed="0" skipped="0">
  <reporter-output>
  </reporter-output>
  <suite started-at="2024-10-22T21:37:46 EDT" name="Smoke test Suite" finished-at="2024-10-22T21:38:36 EDT" duration-ms="49702">
    <groups>
    </groups>
    <test started-at="2024-10-22T21:37:46 EDT" name="Regression" finished-at="2024-10-22T21:38:36 EDT" duration-ms="49702">
      <class name="messagepoint.smoke.AuthorizationTests">
        <test-method is-config="true" signature="setup(java.lang.reflect.Method,java.lang.String,java.lang.String,java.lang.String)[pri:0, instance:messagepoint.smoke.AuthorizationTests@265adfad]" started-at="2024-10-22T21:37:46 EDT" name="setup" finished-at="2024-10-22T21:37:49 EDT" duration-ms="3138" status="PASS">
          <params>
            <param index="0">
              <value>
                <![CDATA[public void messagepoint.smoke.AuthorizationTests.login(java.util.HashMap)]]>
              </value>
            </param>
            <param index="1">
              <value>
                <![CDATA[chrome]]>
              </value>
            </param>
            <param index="2">
              <value>
                <![CDATA[1]]>
              </value>
            </param>
            <param index="3">
              <value>
                <![CDATA[undefined]]>
              </value>
            </param>
          </params>
          <reporter-output>
          </reporter-output>
        </test-method> <!-- setup -->
        <test-method signature="login(java.util.HashMap)[pri:0, instance:messagepoint.smoke.AuthorizationTests@265adfad]" started-at="2024-10-22T21:37:49 EDT" name="login" data-provider="csvData" finished-at="2024-10-22T21:37:51 EDT" duration-ms="2131" status="PASS">
          <params>
            <param index="0">
              <value>
                <![CDATA[{password=Prinova1, messagepoint=automation#prinova, title=Messagepoint - Touchpoints, scenario=1, user=automation}]]>
              </value>
            </param>
          </params>
          <reporter-output>
          </reporter-output>
        </test-method> <!-- login -->
        <test-method is-config="true" signature="setup(java.lang.reflect.Method,java.lang.String,java.lang.String,java.lang.String)[pri:0, instance:messagepoint.smoke.AuthorizationTests@265adfad]" started-at="2024-10-22T21:38:13 EDT" name="setup" finished-at="2024-10-22T21:38:15 EDT" duration-ms="2489" status="PASS">
          <params>
            <param index="0">
              <value>
                <![CDATA[public void messagepoint.smoke.AuthorizationTests.login(java.util.HashMap)]]>
              </value>
            </param>
            <param index="1">
              <value>
                <![CDATA[chrome]]>
              </value>
            </param>
            <param index="2">
              <value>
                <![CDATA[1]]>
              </value>
            </param>
            <param index="3">
              <value>
                <![CDATA[undefined]]>
              </value>
            </param>
          </params>
          <reporter-output>
          </reporter-output>
        </test-method> <!-- setup -->
        <test-method signature="login(java.util.HashMap)[pri:0, instance:messagepoint.smoke.AuthorizationTests@265adfad]" started-at="2024-10-22T21:38:15 EDT" name="login" data-provider="csvData" finished-at="2024-10-22T21:38:16 EDT" duration-ms="623" status="PASS">
          <params>
            <param index="0">
              <value>
                <![CDATA[{password=Prinova, messagepoint=automation#prinova, title=Messagepoint - Secure Sign In, scenario=2, user=automation}]]>
              </value>
            </param>
          </params>
          <reporter-output>
          </reporter-output>
        </test-method> <!-- login -->
        <test-method is-config="true" signature="tearDown()[pri:0, instance:messagepoint.smoke.AuthorizationTests@265adfad]" started-at="2024-10-22T21:38:36 EDT" name="tearDown" finished-at="2024-10-22T21:38:36 EDT" duration-ms="132" status="PASS">
          <reporter-output>
          </reporter-output>
        </test-method> <!-- tearDown -->
      </class> <!-- messagepoint.smoke.AuthorizationTests -->
    </test> <!-- Regression -->
  </suite> <!-- Smoke test Suite -->
</testng-results>
